Started GET "/" for ::1 at 2017-03-08 22:58:18 -0500
Processing by Rails::WelcomeController#index as HTML
  Parameters: {"internal"=>true}
  Rendering /Users/schrismartin/.rvm/gems/ruby-2.4.0/gems/railties-5.0.2/lib/rails/templates/rails/welcome/index.html.erb
  Rendered /Users/schrismartin/.rvm/gems/ruby-2.4.0/gems/railties-5.0.2/lib/rails/templates/rails/welcome/index.html.erb (5.1ms)
Completed 200 OK in 28ms (Views: 13.8ms | ActiveRecord: 0.0ms)


  [1m[35m (34.0ms)[0m  [1m[35mCREATE TABLE "schema_migrations" ("version" character varying PRIMARY KEY)[0m
  [1m[35m (5.0ms)[0m  [1m[35mCREATE TABLE "ar_internal_metadata" ("key" character varying PRIMARY KEY, "value" character varying, "created_at" timestamp NOT NULL, "updated_at" timestamp NOT NULL)[0m
  [1m[36mActiveRecord::SchemaMigration Load (1.3ms)[0m  [1m[34mSELECT "schema_migrations".* FROM "schema_migrations"[0m
  [1m[36mActiveRecord::SchemaMigration Load (0.6ms)[0m  [1m[34mSELECT "schema_migrations".* FROM "schema_migrations"[0m
  [1m[36mActiveRecord::SchemaMigration Load (0.3ms)[0m  [1m[34mSELECT "schema_migrations".* FROM "schema_migrations"[0m
  [1m[36mActiveRecord::SchemaMigration Load (0.6ms)[0m  [1m[34mSELECT "schema_migrations".* FROM "schema_migrations"[0m
Started GET "/" for ::1 at 2017-03-09 00:37:51 -0500
Processing by Rails::WelcomeController#index as HTML
  Parameters: {"internal"=>true}
  Rendering /Users/schrismartin/.rvm/gems/ruby-2.4.0/gems/railties-5.0.2/lib/rails/templates/rails/welcome/index.html.erb
  Rendered /Users/schrismartin/.rvm/gems/ruby-2.4.0/gems/railties-5.0.2/lib/rails/templates/rails/welcome/index.html.erb (4.1ms)
Completed 200 OK in 32ms (Views: 14.0ms | ActiveRecord: 0.0ms)


Started GET "/" for ::1 at 2017-03-09 00:44:30 -0500
Processing by WelcomeController#index as HTML
  Rendering welcome/index.html.erb within layouts/application
  Rendered welcome/index.html.erb within layouts/application (1.7ms)
Completed 200 OK in 1098ms (Views: 1082.0ms | ActiveRecord: 0.0ms)


